<?xml version="1.0" encoding="UTF-8"?>
<!-- Generated by org.testng.reporters.JUnitXMLReporter -->
<testsuite ignored="0" hostname="PRASHANT" failures="0" tests="7" name="Default test" time="8.475" errors="0" timestamp="2023-01-19T14:19:40 IST">
  <testcase classname="DemoProject.Assignment1.LoginTestScript" name="verifyLogin" time="1.836"/>
  <testcase classname="DemoProject.Assignment1.LoginTestScript" name="verifyLogin" time="1.303"/>
  <testcase classname="DemoProject.Assignment1.LoginTestScript" name="verifyLogin" time="0.398"/>
  <testcase classname="DemoProject.Assignment1.LoginTestScript" name="verifyLogin" time="0.812"/>
  <testcase classname="DemoProject.Assignment1.LoginTestScript" name="verifyLogin" time="0.364"/>
  <testcase classname="DemoProject.Assignment1.LoginTestScript" name="verifyLogin" time="0.432"/>
  <testcase classname="DemoProject.Assignment1.LoginTestScript" name="verifyLogin" time="0.397"/>
</testsuite> <!-- Default test -->
