<?xml version="1.0" encoding="UTF-8"?>
<!-- Generated by org.testng.reporters.JUnitXMLReporter -->
<testsuite ignored="0" hostname="PRASHANT" failures="0" tests="8" name="Test" time="12.12" errors="0" timestamp="2023-01-19T14:24:52 IST">
  <testcase classname="DemoProject.Assignment1.AmountSorting" name="verifySorting" time="2.503"/>
  <testcase classname="DemoProject.Assignment1.LoginTestScript" name="verifyLogin" time="3.267"/>
  <testcase classname="DemoProject.Assignment1.LoginTestScript" name="verifyLogin" time="0.491"/>
  <testcase classname="DemoProject.Assignment1.LoginTestScript" name="verifyLogin" time="0.743"/>
  <testcase classname="DemoProject.Assignment1.LoginTestScript" name="verifyLogin" time="0.684"/>
  <testcase classname="DemoProject.Assignment1.LoginTestScript" name="verifyLogin" time="0.595"/>
  <testcase classname="DemoProject.Assignment1.LoginTestScript" name="verifyLogin" time="0.426"/>
  <testcase classname="DemoProject.Assignment1.LoginTestScript" name="verifyLogin" time="0.654"/>
</testsuite> <!-- Test -->
