<?xml version="1.0" encoding="UTF-8"?>
<testng-results ignored="0" total="8" passed="8" failed="0" skipped="0">
  <reporter-output>
  </reporter-output>
  <suite started-at="2023-01-19T14:24:40 IST" name="Suite" finished-at="2023-01-19T14:24:52 IST" duration-ms="12120">
    <groups>
    </groups>
    <test started-at="2023-01-19T14:24:40 IST" name="Test" finished-at="2023-01-19T14:24:52 IST" duration-ms="12120">
      <class name="DemoProject.Assignment1.AmountSorting">
        <test-method is-config="true" signature="setup()[pri:0, instance:DemoProject.Assignment1.AmountSorting@639c2c1d]" started-at="2023-01-19T14:24:40 IST" name="setup" finished-at="2023-01-19T14:24:42 IST" duration-ms="1719" status="PASS">
          <reporter-output>
          </reporter-output>
        </test-method> <!-- setup -->
        <test-method signature="verifySorting()[pri:0, instance:DemoProject.Assignment1.AmountSorting@639c2c1d]" started-at="2023-01-19T14:24:42 IST" name="verifySorting" finished-at="2023-01-19T14:24:44 IST" duration-ms="2503" status="PASS">
          <reporter-output>
          </reporter-output>
        </test-method> <!-- verifySorting -->
        <test-method is-config="true" signature="tearDown()[pri:0, instance:DemoProject.Assignment1.AmountSorting@639c2c1d]" started-at="2023-01-19T14:24:44 IST" name="tearDown" finished-at="2023-01-19T14:24:45 IST" duration-ms="124" status="PASS">
          <reporter-output>
          </reporter-output>
        </test-method> <!-- tearDown -->
      </class> <!-- DemoProject.Assignment1.AmountSorting -->
      <class name="DemoProject.Assignment1.LoginTestScript">
        <test-method is-config="true" signature="setup()[pri:0, instance:DemoProject.Assignment1.LoginTestScript@6b2ea799]" started-at="2023-01-19T14:24:45 IST" name="setup" finished-at="2023-01-19T14:24:45 IST" duration-ms="783" status="PASS">
          <reporter-output>
          </reporter-output>
        </test-method> <!-- setup -->
        <test-method signature="verifyLogin(java.lang.String,java.lang.String,java.lang.Boolean,java.lang.String)[pri:0, instance:DemoProject.Assignment1.LoginTestScript@6b2ea799]" started-at="2023-01-19T14:24:45 IST" name="verifyLogin" data-provider="loginData" finished-at="2023-01-19T14:24:49 IST" duration-ms="3267" status="PASS">
          <params>
            <param index="0">
              <value>
                <![CDATA[Archana]]>
              </value>
            </param>
            <param index="1">
              <value>
                <![CDATA[archana123]]>
              </value>
            </param>
            <param index="2">
              <value>
                <![CDATA[true]]>
              </value>
            </param>
            <param index="3">
              <value>
                <![CDATA[]]>
              </value>
            </param>
          </params>
          <reporter-output>
          </reporter-output>
        </test-method> <!-- verifyLogin -->
        <test-method signature="verifyLogin(java.lang.String,java.lang.String,java.lang.Boolean,java.lang.String)[pri:0, instance:DemoProject.Assignment1.LoginTestScript@6b2ea799]" started-at="2023-01-19T14:24:49 IST" name="verifyLogin" data-provider="loginData" finished-at="2023-01-19T14:24:49 IST" duration-ms="491" status="PASS">
          <params>
            <param index="0">
              <value>
                <![CDATA[A...]]>
              </value>
            </param>
            <param index="1">
              <value>
                <![CDATA[...a..123]]>
              </value>
            </param>
            <param index="2">
              <value>
                <![CDATA[true]]>
              </value>
            </param>
            <param index="3">
              <value>
                <![CDATA[]]>
              </value>
            </param>
          </params>
          <reporter-output>
          </reporter-output>
        </test-method> <!-- verifyLogin -->
        <test-method signature="verifyLogin(java.lang.String,java.lang.String,java.lang.Boolean,java.lang.String)[pri:0, instance:DemoProject.Assignment1.LoginTestScript@6b2ea799]" started-at="2023-01-19T14:24:49 IST" name="verifyLogin" data-provider="loginData" finished-at="2023-01-19T14:24:50 IST" duration-ms="743" status="PASS">
          <params>
            <param index="0">
              <value>
                <![CDATA[*--*]]>
              </value>
            </param>
            <param index="1">
              <value>
                <![CDATA[*--*]]>
              </value>
            </param>
            <param index="2">
              <value>
                <![CDATA[true]]>
              </value>
            </param>
            <param index="3">
              <value>
                <![CDATA[]]>
              </value>
            </param>
          </params>
          <reporter-output>
          </reporter-output>
        </test-method> <!-- verifyLogin -->
        <test-method signature="verifyLogin(java.lang.String,java.lang.String,java.lang.Boolean,java.lang.String)[pri:0, instance:DemoProject.Assignment1.LoginTestScript@6b2ea799]" started-at="2023-01-19T14:24:50 IST" name="verifyLogin" data-provider="loginData" finished-at="2023-01-19T14:24:51 IST" duration-ms="684" status="PASS">
          <params>
            <param index="0">
              <value>
                <![CDATA[@$%abcd]]>
              </value>
            </param>
            <param index="1">
              <value>
                <![CDATA[1234!@#]]>
              </value>
            </param>
            <param index="2">
              <value>
                <![CDATA[true]]>
              </value>
            </param>
            <param index="3">
              <value>
                <![CDATA[]]>
              </value>
            </param>
          </params>
          <reporter-output>
          </reporter-output>
        </test-method> <!-- verifyLogin -->
        <test-method signature="verifyLogin(java.lang.String,java.lang.String,java.lang.Boolean,java.lang.String)[pri:0, instance:DemoProject.Assignment1.LoginTestScript@6b2ea799]" started-at="2023-01-19T14:24:51 IST" name="verifyLogin" data-provider="loginData" finished-at="2023-01-19T14:24:51 IST" duration-ms="595" status="PASS">
          <params>
            <param index="0">
              <value>
                <![CDATA[]]>
              </value>
            </param>
            <param index="1">
              <value>
                <![CDATA[abcdef]]>
              </value>
            </param>
            <param index="2">
              <value>
                <![CDATA[false]]>
              </value>
            </param>
            <param index="3">
              <value>
                <![CDATA[Username must be present]]>
              </value>
            </param>
          </params>
          <reporter-output>
          </reporter-output>
        </test-method> <!-- verifyLogin -->
        <test-method signature="verifyLogin(java.lang.String,java.lang.String,java.lang.Boolean,java.lang.String)[pri:0, instance:DemoProject.Assignment1.LoginTestScript@6b2ea799]" started-at="2023-01-19T14:24:51 IST" name="verifyLogin" data-provider="loginData" finished-at="2023-01-19T14:24:52 IST" duration-ms="426" status="PASS">
          <params>
            <param index="0">
              <value>
                <![CDATA[qbdg12]]>
              </value>
            </param>
            <param index="1">
              <value>
                <![CDATA[]]>
              </value>
            </param>
            <param index="2">
              <value>
                <![CDATA[false]]>
              </value>
            </param>
            <param index="3">
              <value>
                <![CDATA[Password must be present]]>
              </value>
            </param>
          </params>
          <reporter-output>
          </reporter-output>
        </test-method> <!-- verifyLogin -->
        <test-method signature="verifyLogin(java.lang.String,java.lang.String,java.lang.Boolean,java.lang.String)[pri:0, instance:DemoProject.Assignment1.LoginTestScript@6b2ea799]" started-at="2023-01-19T14:24:52 IST" name="verifyLogin" data-provider="loginData" finished-at="2023-01-19T14:24:52 IST" duration-ms="654" status="PASS">
          <params>
            <param index="0">
              <value>
                <![CDATA[]]>
              </value>
            </param>
            <param index="1">
              <value>
                <![CDATA[]]>
              </value>
            </param>
            <param index="2">
              <value>
                <![CDATA[false]]>
              </value>
            </param>
            <param index="3">
              <value>
                <![CDATA[Both Username and Password must be present]]>
              </value>
            </param>
          </params>
          <reporter-output>
          </reporter-output>
        </test-method> <!-- verifyLogin -->
        <test-method is-config="true" signature="tearDown()[pri:0, instance:DemoProject.Assignment1.LoginTestScript@6b2ea799]" started-at="2023-01-19T14:24:52 IST" name="tearDown" finished-at="2023-01-19T14:24:52 IST" duration-ms="90" status="PASS">
          <reporter-output>
          </reporter-output>
        </test-method> <!-- tearDown -->
      </class> <!-- DemoProject.Assignment1.LoginTestScript -->
    </test> <!-- Test -->
  </suite> <!-- Suite -->
</testng-results>
